<?xml version="1.0" encoding="UTF-8"?>
<testsuite name="utility.TemperatureMetricsTest" tests="4" skipped="0" failures="0" errors="0" timestamp="2021-03-21T12:20:05" hostname="LAPTOP-538TC8K1" time="0.028">
  <properties/>
  <testcase name="testIsFalseFor0KelvinEqualsNegative274Celsius()" classname="utility.TemperatureMetricsTest" time="0.022"/>
  <testcase name="testIsTrueFor0KelvinEqualsNegative273Celsius()" classname="utility.TemperatureMetricsTest" time="0.0"/>
  <testcase name="testIsFalseForNonTemperatureMeasurementInstance()" classname="utility.TemperatureMetricsTest" time="0.001"/>
  <testcase name="testIsTrueFor0CelsiusEquals32Fahrenheit()" classname="utility.TemperatureMetricsTest" time="0.001"/>
  <system-out><![CDATA[]]></system-out>
  <system-err><![CDATA[]]></system-err>
</testsuite>
