<?xml version="1.0" encoding="UTF-8"?>
<testsuite name="utility.DistanceMetricsTest" tests="17" skipped="0" failures="0" errors="0" timestamp="2021-03-18T15:32:24" hostname="LAPTOP-538TC8K1" time="0.246">
  <properties/>
  <testcase name="testEqualsIsFalseFor2CentimeterEquals1Centimeter()" classname="utility.DistanceMetricsTest" time="0.112"/>
  <testcase name="testThrowsExceptionForZeroValuedDimension()" classname="utility.DistanceMetricsTest" time="0.027"/>
  <testcase name="testSubtractIsHalfMeterForRemoving50CentimeterFrom1Meter()" classname="utility.DistanceMetricsTest" time="0.011"/>
  <testcase name="testAddIs2KilometerFor100000CentimeterAnd1000Meter()" classname="utility.DistanceMetricsTest" time="0.001"/>
  <testcase name="testEqualsIsTrueFor1CentimeterEquals1Centimeter()" classname="utility.DistanceMetricsTest" time="0.007"/>
  <testcase name="testSubtractThrowsExceptionForRemoving1MeterFrom50Centimeter()" classname="utility.DistanceMetricsTest" time="0.014"/>
  <testcase name="testThrowsExceptionForNegativeValuedDimension()" classname="utility.DistanceMetricsTest" time="0.004"/>
  <testcase name="testEqualsIsTrueForOneThousandthKilometerEquals100Centimeter()" classname="utility.DistanceMetricsTest" time="0.002"/>
  <testcase name="testEqualsIsTrueForSameMeasurementInstance()" classname="utility.DistanceMetricsTest" time="0.002"/>
  <testcase name="testAddIs2MeterFor1MeterAnd100Centimeter()" classname="utility.DistanceMetricsTest" time="0.003"/>
  <testcase name="testEqualsIsTrueFor100CentimeterEqualsOneThousandthKilometer()" classname="utility.DistanceMetricsTest" time="0.001"/>
  <testcase name="testEqualsIsTrueFor100CentimeterEquals1Meter()" classname="utility.DistanceMetricsTest" time="0.001"/>
  <testcase name="testEqualsIsFalseForNonMeasurementInstance()" classname="utility.DistanceMetricsTest" time="0.001"/>
  <testcase name="testSubtractIs1900CentimeterForRemoving1MeterFrom2000Centimeter()" classname="utility.DistanceMetricsTest" time="0.001"/>
  <testcase name="testAddIs100200CentimeterFor200CentimeterAnd1Kilometer()" classname="utility.DistanceMetricsTest" time="0.002"/>
  <testcase name="testSubtractThrowsExceptionForRemoving1MeterFrom1Meter()" classname="utility.DistanceMetricsTest" time="0.002"/>
  <testcase name="testEqualsIsTrueFor1MeterEquals100Centimeter()" classname="utility.DistanceMetricsTest" time="0.001"/>
  <system-out><![CDATA[]]></system-out>
  <system-err><![CDATA[]]></system-err>
</testsuite>
